Analysis & Synthesis report for DE1_SoC
Mon Dec 04 18:04:28 2023
Quartus Prime Version 17.0.0 Build 595 04/25/2017 SJ Lite Edition


---------------------
; Table of Contents ;
---------------------
  1. Legal Notice
  2. Analysis & Synthesis Summary
  3. Analysis & Synthesis Settings
  4. Parallel Compilation
  5. Analysis & Synthesis Source Files Read
  6. Analysis & Synthesis Resource Usage Summary
  7. Analysis & Synthesis Resource Utilization by Entity
  8. Analysis & Synthesis IP Cores Summary
  9. Registers Removed During Synthesis
 10. Removed Registers Triggering Further Register Optimizations
 11. General Register Statistics
 12. Multiplexer Restructuring Statistics (Restructuring Performed)
 13. Parameter Settings for User Entity Instance: Top-level Entity: |DE1_SoC
 14. Parameter Settings for User Entity Instance: video_driver:vid
 15. Parameter Settings for User Entity Instance: video_driver:vid|CLOCK25_PLL:c25_gen|CLOCK25_PLL_0002:clock25_pll_inst|altera_pll:altera_pll_i
 16. Parameter Settings for User Entity Instance: video_driver:vid|altera_up_avalon_video_vga_timing:video
 17. Port Connectivity Checks: "video_driver:vid|altera_up_avalon_video_vga_timing:video"
 18. Port Connectivity Checks: "video_driver:vid|CLOCK25_PLL:c25_gen"
 19. Port Connectivity Checks: "clock_divider:div"
 20. Post-Synthesis Netlist Statistics for Top Partition
 21. Elapsed Time Per Partition
 22. Analysis & Synthesis Messages
 23. Analysis & Synthesis Suppressed Messages



----------------
; Legal Notice ;
----------------
Copyright (C) 2017  Intel Corporation. All rights reserved.
Your use of Intel Corporation's design tools, logic functions 
and other software and tools, and its AMPP partner logic 
functions, and any output files from any of the foregoing 
(including device programming or simulation files), and any 
associated documentation or information are expressly subject 
to the terms and conditions of the Intel Program License 
Subscription Agreement, the Intel Quartus Prime License Agreement,
the Intel MegaCore Function License Agreement, or other 
applicable license agreement, including, without limitation, 
that your use is for the sole purpose of programming logic 
devices manufactured by Intel and sold by Intel or its 
authorized distributors.  Please refer to the applicable 
agreement for further details.



+-------------------------------------------------------------------------------+
; Analysis & Synthesis Summary                                                  ;
+---------------------------------+---------------------------------------------+
; Analysis & Synthesis Status     ; Successful - Mon Dec 04 18:04:28 2023       ;
; Quartus Prime Version           ; 17.0.0 Build 595 04/25/2017 SJ Lite Edition ;
; Revision Name                   ; DE1_SoC                                     ;
; Top-level Entity Name           ; DE1_SoC                                     ;
; Family                          ; Cyclone V                                   ;
; Logic utilization (in ALMs)     ; N/A                                         ;
; Total registers                 ; 103                                         ;
; Total pins                      ; 96                                          ;
; Total virtual pins              ; 0                                           ;
; Total block memory bits         ; 0                                           ;
; Total DSP Blocks                ; 0                                           ;
; Total HSSI RX PCSs              ; 0                                           ;
; Total HSSI PMA RX Deserializers ; 0                                           ;
; Total HSSI TX PCSs              ; 0                                           ;
; Total HSSI PMA TX Serializers   ; 0                                           ;
; Total PLLs                      ; 1                                           ;
; Total DLLs                      ; 0                                           ;
+---------------------------------+---------------------------------------------+


+---------------------------------------------------------------------------------------------------------------------------+
; Analysis & Synthesis Settings                                                                                             ;
+---------------------------------------------------------------------------------+--------------------+--------------------+
; Option                                                                          ; Setting            ; Default Value      ;
+---------------------------------------------------------------------------------+--------------------+--------------------+
; Device                                                                          ; 5CSEMA5F31C6       ;                    ;
; Top-level entity name                                                           ; DE1_SoC            ; DE1_SoC            ;
; Family name                                                                     ; Cyclone V          ; Cyclone V          ;
; State Machine Processing                                                        ; User-Encoded       ; Auto               ;
; Use smart compilation                                                           ; Off                ; Off                ;
; Enable parallel Assembler and TimeQuest Timing Analyzer during compilation      ; On                 ; On                 ;
; Enable compact report table                                                     ; Off                ; Off                ;
; Restructure Multiplexers                                                        ; Auto               ; Auto               ;
; MLAB Add Timing Constraints For Mixed-Port Feed-Through Mode Setting Don't Care ; Off                ; Off                ;
; Create Debugging Nodes for IP Cores                                             ; Off                ; Off                ;
; Preserve fewer node names                                                       ; On                 ; On                 ;
; OpenCore Plus hardware evaluation                                               ; Enable             ; Enable             ;
; Verilog Version                                                                 ; Verilog_2001       ; Verilog_2001       ;
; VHDL Version                                                                    ; VHDL_1993          ; VHDL_1993          ;
; Safe State Machine                                                              ; Off                ; Off                ;
; Extract Verilog State Machines                                                  ; On                 ; On                 ;
; Extract VHDL State Machines                                                     ; On                 ; On                 ;
; Ignore Verilog initial constructs                                               ; Off                ; Off                ;
; Iteration limit for constant Verilog loops                                      ; 5000               ; 5000               ;
; Iteration limit for non-constant Verilog loops                                  ; 250                ; 250                ;
; Add Pass-Through Logic to Inferred RAMs                                         ; On                 ; On                 ;
; Infer RAMs from Raw Logic                                                       ; On                 ; On                 ;
; Parallel Synthesis                                                              ; On                 ; On                 ;
; DSP Block Balancing                                                             ; Auto               ; Auto               ;
; NOT Gate Push-Back                                                              ; On                 ; On                 ;
; Power-Up Don't Care                                                             ; On                 ; On                 ;
; Remove Redundant Logic Cells                                                    ; Off                ; Off                ;
; Remove Duplicate Registers                                                      ; On                 ; On                 ;
; Ignore CARRY Buffers                                                            ; Off                ; Off                ;
; Ignore CASCADE Buffers                                                          ; Off                ; Off                ;
; Ignore GLOBAL Buffers                                                           ; Off                ; Off                ;
; Ignore ROW GLOBAL Buffers                                                       ; Off                ; Off                ;
; Ignore LCELL Buffers                                                            ; Off                ; Off                ;
; Ignore SOFT Buffers                                                             ; On                 ; On                 ;
; Limit AHDL Integers to 32 Bits                                                  ; Off                ; Off                ;
; Optimization Technique                                                          ; Balanced           ; Balanced           ;
; Carry Chain Length                                                              ; 70                 ; 70                 ;
; Auto Carry Chains                                                               ; On                 ; On                 ;
; Auto Open-Drain Pins                                                            ; On                 ; On                 ;
; Perform WYSIWYG Primitive Resynthesis                                           ; Off                ; Off                ;
; Auto ROM Replacement                                                            ; On                 ; On                 ;
; Auto RAM Replacement                                                            ; On                 ; On                 ;
; Auto DSP Block Replacement                                                      ; On                 ; On                 ;
; Auto Shift Register Replacement                                                 ; Auto               ; Auto               ;
; Allow Shift Register Merging across Hierarchies                                 ; Auto               ; Auto               ;
; Auto Clock Enable Replacement                                                   ; On                 ; On                 ;
; Strict RAM Replacement                                                          ; Off                ; Off                ;
; Allow Synchronous Control Signals                                               ; On                 ; On                 ;
; Force Use of Synchronous Clear Signals                                          ; Off                ; Off                ;
; Auto Resource Sharing                                                           ; Off                ; Off                ;
; Allow Any RAM Size For Recognition                                              ; Off                ; Off                ;
; Allow Any ROM Size For Recognition                                              ; Off                ; Off                ;
; Allow Any Shift Register Size For Recognition                                   ; Off                ; Off                ;
; Use LogicLock Constraints during Resource Balancing                             ; On                 ; On                 ;
; Ignore translate_off and synthesis_off directives                               ; Off                ; Off                ;
; Timing-Driven Synthesis                                                         ; On                 ; On                 ;
; Report Parameter Settings                                                       ; On                 ; On                 ;
; Report Source Assignments                                                       ; On                 ; On                 ;
; Report Connectivity Checks                                                      ; On                 ; On                 ;
; Ignore Maximum Fan-Out Assignments                                              ; Off                ; Off                ;
; Synchronization Register Chain Length                                           ; 3                  ; 3                  ;
; PowerPlay Power Optimization During Synthesis                                   ; Normal compilation ; Normal compilation ;
; HDL message level                                                               ; Level2             ; Level2             ;
; Suppress Register Optimization Related Messages                                 ; Off                ; Off                ;
; Number of Removed Registers Reported in Synthesis Report                        ; 5000               ; 5000               ;
; Number of Swept Nodes Reported in Synthesis Report                              ; 5000               ; 5000               ;
; Number of Inverted Registers Reported in Synthesis Report                       ; 100                ; 100                ;
; Clock MUX Protection                                                            ; On                 ; On                 ;
; Auto Gated Clock Conversion                                                     ; Off                ; Off                ;
; Block Design Naming                                                             ; Auto               ; Auto               ;
; SDC constraint protection                                                       ; Off                ; Off                ;
; Synthesis Effort                                                                ; Auto               ; Auto               ;
; Shift Register Replacement - Allow Asynchronous Clear Signal                    ; On                 ; On                 ;
; Pre-Mapping Resynthesis Optimization                                            ; Off                ; Off                ;
; Analysis & Synthesis Message Level                                              ; Medium             ; Medium             ;
; Disable Register Merging Across Hierarchies                                     ; Auto               ; Auto               ;
; Resource Aware Inference For Block RAM                                          ; On                 ; On                 ;
; Automatic Parallel Synthesis                                                    ; On                 ; On                 ;
; Partial Reconfiguration Bitstream ID                                            ; Off                ; Off                ;
+---------------------------------------------------------------------------------+--------------------+--------------------+


+------------------------------------------+
; Parallel Compilation                     ;
+----------------------------+-------------+
; Processors                 ; Number      ;
+----------------------------+-------------+
; Number detected on machine ; 12          ;
; Maximum allowed            ; 12          ;
;                            ;             ;
; Average used               ; 1.00        ;
; Maximum used               ; 12          ;
;                            ;             ;
; Usage by Processor         ; % Time Used ;
;     Processor 1            ; 100.0%      ;
;     Processors 2-12        ;   0.0%      ;
+----------------------------+-------------+


+------------------------------------------------------------------------------------------------------------------------------------------------------------------------------------+
; Analysis & Synthesis Source Files Read                                                                                                                                             ;
+-------------------------------------+-----------------+----------------------------------------+---------------------------------------------------------------------+-------------+
; File Name with User-Entered Path    ; Used in Netlist ; File Type                              ; File Name with Absolute Path                                        ; Library     ;
+-------------------------------------+-----------------+----------------------------------------+---------------------------------------------------------------------+-------------+
; pixel_memory.sv                     ; yes             ; User SystemVerilog HDL File            ; D:/Documents/ee_371_lab6/pixel_memory.sv                            ;             ;
; video_driver.sv                     ; yes             ; User SystemVerilog HDL File            ; D:/Documents/ee_371_lab6/video_driver.sv                            ;             ;
; altera_up_avalon_video_vga_timing.v ; yes             ; User Verilog HDL File                  ; D:/Documents/ee_371_lab6/altera_up_avalon_video_vga_timing.v        ;             ;
; DE1_SoC.sv                          ; yes             ; User SystemVerilog HDL File            ; D:/Documents/ee_371_lab6/DE1_SoC.sv                                 ;             ;
; CLOCK25_PLL.v                       ; yes             ; User Wizard-Generated File             ; D:/Documents/ee_371_lab6/CLOCK25_PLL.v                              ; CLOCK25_PLL ;
; CLOCK25_PLL/CLOCK25_PLL_0002.v      ; yes             ; User Verilog HDL File                  ; D:/Documents/ee_371_lab6/CLOCK25_PLL/CLOCK25_PLL_0002.v             ; CLOCK25_PLL ;
; clock_divider.sv                    ; yes             ; User SystemVerilog HDL File            ; D:/Documents/ee_371_lab6/clock_divider.sv                           ;             ;
; pixel_memory.mif                    ; yes             ; Auto-Found Memory Initialization File  ; D:/Documents/ee_371_lab6/pixel_memory.mif                           ;             ;
; altera_pll.v                        ; yes             ; Megafunction                           ; d:/intelfpga_lite/17.0/quartus/libraries/megafunctions/altera_pll.v ;             ;
+-------------------------------------+-----------------+----------------------------------------+---------------------------------------------------------------------+-------------+


+-------------------------------------------------------------------------------------------------------------------------------------------------------------+
; Analysis & Synthesis Resource Usage Summary                                                                                                                 ;
+---------------------------------------------+---------------------------------------------------------------------------------------------------------------+
; Resource                                    ; Usage                                                                                                         ;
+---------------------------------------------+---------------------------------------------------------------------------------------------------------------+
; Estimate of Logic utilization (ALMs needed) ; 82                                                                                                            ;
;                                             ;                                                                                                               ;
; Combinational ALUT usage for logic          ; 145                                                                                                           ;
;     -- 7 input functions                    ; 2                                                                                                             ;
;     -- 6 input functions                    ; 15                                                                                                            ;
;     -- 5 input functions                    ; 9                                                                                                             ;
;     -- 4 input functions                    ; 11                                                                                                            ;
;     -- <=3 input functions                  ; 108                                                                                                           ;
;                                             ;                                                                                                               ;
; Dedicated logic registers                   ; 103                                                                                                           ;
;                                             ;                                                                                                               ;
; I/O pins                                    ; 96                                                                                                            ;
;                                             ;                                                                                                               ;
; Total DSP Blocks                            ; 0                                                                                                             ;
;                                             ;                                                                                                               ;
; Total PLLs                                  ; 1                                                                                                             ;
;     -- PLLs                                 ; 1                                                                                                             ;
;                                             ;                                                                                                               ;
; Maximum fan-out node                        ; video_driver:vid|CLOCK25_PLL:c25_gen|CLOCK25_PLL_0002:clock25_pll_inst|altera_pll:altera_pll_i|outclk_wire[0] ;
; Maximum fan-out                             ; 104                                                                                                           ;
; Total fan-out                               ; 870                                                                                                           ;
; Average fan-out                             ; 1.97                                                                                                          ;
+---------------------------------------------+---------------------------------------------------------------------------------------------------------------+


+-----------------------------------------------------------------------------------------------------------------------------------------------------------------------------------------------------------------------------------------------------------------------------------------------------------------------+
; Analysis & Synthesis Resource Utilization by Entity                                                                                                                                                                                                                                                                   ;
+-------------------------------------------------+---------------------+---------------------------+-------------------+------------+------+--------------+---------------------------------------------------------------------------------------------------------+-----------------------------------+--------------+
; Compilation Hierarchy Node                      ; Combinational ALUTs ; Dedicated Logic Registers ; Block Memory Bits ; DSP Blocks ; Pins ; Virtual Pins ; Full Hierarchy Name                                                                                     ; Entity Name                       ; Library Name ;
+-------------------------------------------------+---------------------+---------------------------+-------------------+------------+------+--------------+---------------------------------------------------------------------------------------------------------+-----------------------------------+--------------+
; |DE1_SoC                                        ; 145 (0)             ; 103 (0)                   ; 0                 ; 0          ; 96   ; 0            ; |DE1_SoC                                                                                                ; DE1_SoC                           ; work         ;
;    |pixel_memory:pm|                            ; 19 (19)             ; 1 (1)                     ; 0                 ; 0          ; 0    ; 0            ; |DE1_SoC|pixel_memory:pm                                                                                ; pixel_memory                      ; work         ;
;    |video_driver:vid|                           ; 126 (80)            ; 102 (58)                  ; 0                 ; 0          ; 0    ; 0            ; |DE1_SoC|video_driver:vid                                                                               ; video_driver                      ; work         ;
;       |CLOCK25_PLL:c25_gen|                     ; 0 (0)               ; 0 (0)                     ; 0                 ; 0          ; 0    ; 0            ; |DE1_SoC|video_driver:vid|CLOCK25_PLL:c25_gen                                                           ; CLOCK25_PLL                       ; CLOCK25_PLL  ;
;          |CLOCK25_PLL_0002:clock25_pll_inst|    ; 0 (0)               ; 0 (0)                     ; 0                 ; 0          ; 0    ; 0            ; |DE1_SoC|video_driver:vid|CLOCK25_PLL:c25_gen|CLOCK25_PLL_0002:clock25_pll_inst                         ; CLOCK25_PLL_0002                  ; CLOCK25_PLL  ;
;             |altera_pll:altera_pll_i|           ; 0 (0)               ; 0 (0)                     ; 0                 ; 0          ; 0    ; 0            ; |DE1_SoC|video_driver:vid|CLOCK25_PLL:c25_gen|CLOCK25_PLL_0002:clock25_pll_inst|altera_pll:altera_pll_i ; altera_pll                        ; work         ;
;       |altera_up_avalon_video_vga_timing:video| ; 46 (46)             ; 44 (44)                   ; 0                 ; 0          ; 0    ; 0            ; |DE1_SoC|video_driver:vid|altera_up_avalon_video_vga_timing:video                                       ; altera_up_avalon_video_vga_timing ; work         ;
+-------------------------------------------------+---------------------+---------------------------+-------------------+------------+------+--------------+---------------------------------------------------------------------------------------------------------+-----------------------------------+--------------+
Note: For table entries with two numbers listed, the numbers in parentheses indicate the number of resources of the given type used by the specific entity alone. The numbers listed outside of parentheses indicate the total resources of the given type used by the specific entity and all of its sub-entities in the hierarchy.


+---------------------------------------------------------------------------------------------------------------------------------+
; Analysis & Synthesis IP Cores Summary                                                                                           ;
+--------+--------------+---------+--------------+--------------+-----------------------------------------------+-----------------+
; Vendor ; IP Core Name ; Version ; Release Date ; License Type ; Entity Instance                               ; IP Include File ;
+--------+--------------+---------+--------------+--------------+-----------------------------------------------+-----------------+
; Altera ; altera_pll   ; 17.0    ; N/A          ; N/A          ; |DE1_SoC|video_driver:vid|CLOCK25_PLL:c25_gen ; CLOCK25_PLL.v   ;
+--------+--------------+---------+--------------+--------------+-----------------------------------------------+-----------------+


+--------------------------------------------------------------------------------------------------------------------+
; Registers Removed During Synthesis                                                                                 ;
+---------------------------------------------------------------------------+----------------------------------------+
; Register name                                                             ; Reason for Removal                     ;
+---------------------------------------------------------------------------+----------------------------------------+
; pixel_memory:pm|b[0,2,3]                                                  ; Stuck at GND due to stuck port data_in ;
; pixel_memory:pm|g[1..4]                                                   ; Stuck at GND due to stuck port data_in ;
; pixel_memory:pm|r[0,2,3,6]                                                ; Stuck at GND due to stuck port data_in ;
; pixel_memory:pm|ram[0..104]                                               ; Stuck at GND due to stuck port data_in ;
; pixel_memory:pm|ram[105]                                                  ; Stuck at VCC due to stuck port data_in ;
; pixel_memory:pm|ram[106..142]                                             ; Stuck at GND due to stuck port data_in ;
; pixel_memory:pm|ram[143]                                                  ; Stuck at VCC due to stuck port data_in ;
; pixel_memory:pm|ram[144]                                                  ; Stuck at GND due to stuck port data_in ;
; pixel_memory:pm|ram[145]                                                  ; Stuck at VCC due to stuck port data_in ;
; pixel_memory:pm|ram[146..172]                                             ; Stuck at GND due to stuck port data_in ;
; pixel_memory:pm|ram[173,174]                                              ; Stuck at VCC due to stuck port data_in ;
; pixel_memory:pm|ram[175..180]                                             ; Stuck at GND due to stuck port data_in ;
; pixel_memory:pm|ram[181,182]                                              ; Stuck at VCC due to stuck port data_in ;
; pixel_memory:pm|ram[183..194]                                             ; Stuck at GND due to stuck port data_in ;
; pixel_memory:pm|ram[195,196]                                              ; Stuck at VCC due to stuck port data_in ;
; pixel_memory:pm|ram[197..211]                                             ; Stuck at GND due to stuck port data_in ;
; pixel_memory:pm|ram[212]                                                  ; Stuck at VCC due to stuck port data_in ;
; pixel_memory:pm|ram[213..215]                                             ; Stuck at GND due to stuck port data_in ;
; pixel_memory:pm|ram[216]                                                  ; Stuck at VCC due to stuck port data_in ;
; pixel_memory:pm|ram[217..220]                                             ; Stuck at GND due to stuck port data_in ;
; pixel_memory:pm|ram[221,222]                                              ; Stuck at VCC due to stuck port data_in ;
; pixel_memory:pm|ram[223..234]                                             ; Stuck at GND due to stuck port data_in ;
; pixel_memory:pm|ram[235,236]                                              ; Stuck at VCC due to stuck port data_in ;
; pixel_memory:pm|ram[237..240]                                             ; Stuck at GND due to stuck port data_in ;
; pixel_memory:pm|ram[241,242]                                              ; Stuck at VCC due to stuck port data_in ;
; pixel_memory:pm|ram[243..250]                                             ; Stuck at GND due to stuck port data_in ;
; pixel_memory:pm|ram[251]                                                  ; Stuck at VCC due to stuck port data_in ;
; pixel_memory:pm|ram[252..256]                                             ; Stuck at GND due to stuck port data_in ;
; pixel_memory:pm|ram[257]                                                  ; Stuck at VCC due to stuck port data_in ;
; pixel_memory:pm|ram[258..260]                                             ; Stuck at GND due to stuck port data_in ;
; pixel_memory:pm|ram[261,262]                                              ; Stuck at VCC due to stuck port data_in ;
; pixel_memory:pm|ram[263..280]                                             ; Stuck at GND due to stuck port data_in ;
; pixel_memory:pm|ram[281,282]                                              ; Stuck at VCC due to stuck port data_in ;
; pixel_memory:pm|ram[283..290]                                             ; Stuck at GND due to stuck port data_in ;
; pixel_memory:pm|ram[291]                                                  ; Stuck at VCC due to stuck port data_in ;
; pixel_memory:pm|ram[292..294]                                             ; Stuck at GND due to stuck port data_in ;
; pixel_memory:pm|ram[295]                                                  ; Stuck at VCC due to stuck port data_in ;
; pixel_memory:pm|ram[296]                                                  ; Stuck at GND due to stuck port data_in ;
; pixel_memory:pm|ram[297,298]                                              ; Stuck at VCC due to stuck port data_in ;
; pixel_memory:pm|ram[299..302]                                             ; Stuck at GND due to stuck port data_in ;
; pixel_memory:pm|ram[303]                                                  ; Stuck at VCC due to stuck port data_in ;
; pixel_memory:pm|ram[304]                                                  ; Stuck at GND due to stuck port data_in ;
; pixel_memory:pm|ram[305]                                                  ; Stuck at VCC due to stuck port data_in ;
; pixel_memory:pm|ram[306..330]                                             ; Stuck at GND due to stuck port data_in ;
; pixel_memory:pm|ram[331]                                                  ; Stuck at VCC due to stuck port data_in ;
; pixel_memory:pm|ram[332..336]                                             ; Stuck at GND due to stuck port data_in ;
; pixel_memory:pm|ram[337]                                                  ; Stuck at VCC due to stuck port data_in ;
; pixel_memory:pm|ram[338..344]                                             ; Stuck at GND due to stuck port data_in ;
; pixel_memory:pm|ram[345]                                                  ; Stuck at VCC due to stuck port data_in ;
; pixel_memory:pm|ram[346..371]                                             ; Stuck at GND due to stuck port data_in ;
; pixel_memory:pm|ram[372]                                                  ; Stuck at VCC due to stuck port data_in ;
; pixel_memory:pm|ram[373..375]                                             ; Stuck at GND due to stuck port data_in ;
; pixel_memory:pm|ram[376]                                                  ; Stuck at VCC due to stuck port data_in ;
; pixel_memory:pm|ram[377..412]                                             ; Stuck at GND due to stuck port data_in ;
; pixel_memory:pm|ram[413,414]                                              ; Stuck at VCC due to stuck port data_in ;
; pixel_memory:pm|ram[415..1199]                                            ; Stuck at GND due to stuck port data_in ;
; video_driver:vid|gout[1..4]                                               ; Stuck at GND due to stuck port data_in ;
; video_driver:vid|rout[0,2,3,6]                                            ; Stuck at GND due to stuck port data_in ;
; video_driver:vid|altera_up_avalon_video_vga_timing:video|vga_green[1..4]  ; Stuck at GND due to stuck port data_in ;
; video_driver:vid|altera_up_avalon_video_vga_timing:video|vga_red[0,2,3,6] ; Stuck at GND due to stuck port data_in ;
; video_driver:vid|bout[0,2,3]                                              ; Stuck at GND due to stuck port data_in ;
; video_driver:vid|altera_up_avalon_video_vga_timing:video|vga_blue[0,2,3]  ; Stuck at GND due to stuck port data_in ;
; video_driver:vid|bout[4..7]                                               ; Merged with video_driver:vid|bout[1]   ;
; video_driver:vid|gout[0,5..7]                                             ; Merged with video_driver:vid|bout[1]   ;
; video_driver:vid|rout[1,4,5,7]                                            ; Merged with video_driver:vid|bout[1]   ;
; pixel_memory:pm|b[4..7]                                                   ; Merged with pixel_memory:pm|b[1]       ;
; pixel_memory:pm|g[0,5..7]                                                 ; Merged with pixel_memory:pm|b[1]       ;
; pixel_memory:pm|r[1,4,5,7]                                                ; Merged with pixel_memory:pm|b[1]       ;
; video_driver:vid|y[8]                                                     ; Lost fanout                            ;
; Total Number of Removed Registers = 1258                                  ;                                        ;
+---------------------------------------------------------------------------+----------------------------------------+


+--------------------------------------------------------------------------------------------------------------------------+
; Removed Registers Triggering Further Register Optimizations                                                              ;
+----------------------+---------------------------+-----------------------------------------------------------------------+
; Register name        ; Reason for Removal        ; Registers Removed due to This Register                                ;
+----------------------+---------------------------+-----------------------------------------------------------------------+
; pixel_memory:pm|b[0] ; Stuck at GND              ; video_driver:vid|bout[0],                                             ;
;                      ; due to stuck port data_in ; video_driver:vid|altera_up_avalon_video_vga_timing:video|vga_blue[0]  ;
; pixel_memory:pm|b[2] ; Stuck at GND              ; video_driver:vid|bout[2],                                             ;
;                      ; due to stuck port data_in ; video_driver:vid|altera_up_avalon_video_vga_timing:video|vga_blue[2]  ;
; pixel_memory:pm|b[3] ; Stuck at GND              ; video_driver:vid|bout[3],                                             ;
;                      ; due to stuck port data_in ; video_driver:vid|altera_up_avalon_video_vga_timing:video|vga_blue[3]  ;
; pixel_memory:pm|g[1] ; Stuck at GND              ; video_driver:vid|gout[1],                                             ;
;                      ; due to stuck port data_in ; video_driver:vid|altera_up_avalon_video_vga_timing:video|vga_green[1] ;
; pixel_memory:pm|g[2] ; Stuck at GND              ; video_driver:vid|gout[2],                                             ;
;                      ; due to stuck port data_in ; video_driver:vid|altera_up_avalon_video_vga_timing:video|vga_green[2] ;
; pixel_memory:pm|g[3] ; Stuck at GND              ; video_driver:vid|gout[3],                                             ;
;                      ; due to stuck port data_in ; video_driver:vid|altera_up_avalon_video_vga_timing:video|vga_green[3] ;
; pixel_memory:pm|g[4] ; Stuck at GND              ; video_driver:vid|gout[4],                                             ;
;                      ; due to stuck port data_in ; video_driver:vid|altera_up_avalon_video_vga_timing:video|vga_green[4] ;
; pixel_memory:pm|r[0] ; Stuck at GND              ; video_driver:vid|rout[0],                                             ;
;                      ; due to stuck port data_in ; video_driver:vid|altera_up_avalon_video_vga_timing:video|vga_red[0]   ;
; pixel_memory:pm|r[2] ; Stuck at GND              ; video_driver:vid|rout[2],                                             ;
;                      ; due to stuck port data_in ; video_driver:vid|altera_up_avalon_video_vga_timing:video|vga_red[2]   ;
; pixel_memory:pm|r[3] ; Stuck at GND              ; video_driver:vid|rout[3],                                             ;
;                      ; due to stuck port data_in ; video_driver:vid|altera_up_avalon_video_vga_timing:video|vga_red[3]   ;
; pixel_memory:pm|r[6] ; Stuck at GND              ; video_driver:vid|rout[6],                                             ;
;                      ; due to stuck port data_in ; video_driver:vid|altera_up_avalon_video_vga_timing:video|vga_red[6]   ;
+----------------------+---------------------------+-----------------------------------------------------------------------+


+------------------------------------------------------+
; General Register Statistics                          ;
+----------------------------------------------+-------+
; Statistic                                    ; Value ;
+----------------------------------------------+-------+
; Total registers                              ; 103   ;
; Number of registers using Synchronous Clear  ; 79    ;
; Number of registers using Synchronous Load   ; 3     ;
; Number of registers using Asynchronous Clear ; 0     ;
; Number of registers using Asynchronous Load  ; 0     ;
; Number of registers using Clock Enable       ; 48    ;
; Number of registers using Preset             ; 0     ;
+----------------------------------------------+-------+


+--------------------------------------------------------------------------------------------------------------------------------------------------------------------------------------------------+
; Multiplexer Restructuring Statistics (Restructuring Performed)                                                                                                                                   ;
+--------------------+-----------+---------------+----------------------+------------------------+------------+------------------------------------------------------------------------------------+
; Multiplexer Inputs ; Bus Width ; Baseline Area ; Area if Restructured ; Saving if Restructured ; Registered ; Example Multiplexer Output                                                         ;
+--------------------+-----------+---------------+----------------------+------------------------+------------+------------------------------------------------------------------------------------+
; 3:1                ; 10 bits   ; 20 LEs        ; 0 LEs                ; 20 LEs                 ; Yes        ; |DE1_SoC|video_driver:vid|altera_up_avalon_video_vga_timing:video|pixel_counter[1] ;
; 3:1                ; 10 bits   ; 20 LEs        ; 0 LEs                ; 20 LEs                 ; Yes        ; |DE1_SoC|video_driver:vid|xt[8]                                                    ;
; 4:1                ; 9 bits    ; 18 LEs        ; 9 LEs                ; 9 LEs                  ; Yes        ; |DE1_SoC|video_driver:vid|yt[1]                                                    ;
; 4:1                ; 10 bits   ; 20 LEs        ; 0 LEs                ; 20 LEs                 ; Yes        ; |DE1_SoC|video_driver:vid|altera_up_avalon_video_vga_timing:video|line_counter[9]  ;
; 5:1                ; 10 bits   ; 30 LEs        ; 0 LEs                ; 30 LEs                 ; Yes        ; |DE1_SoC|video_driver:vid|x[0]                                                     ;
; 5:1                ; 10 bits   ; 30 LEs        ; 0 LEs                ; 30 LEs                 ; Yes        ; |DE1_SoC|video_driver:vid|xd[8]                                                    ;
; 6:1                ; 9 bits    ; 36 LEs        ; 0 LEs                ; 36 LEs                 ; Yes        ; |DE1_SoC|video_driver:vid|y[3]                                                     ;
; 6:1                ; 9 bits    ; 36 LEs        ; 0 LEs                ; 36 LEs                 ; Yes        ; |DE1_SoC|video_driver:vid|yd[0]                                                    ;
+--------------------+-----------+---------------+----------------------+------------------------+------------+------------------------------------------------------------------------------------+


+-------------------------------------------------------------------------+
; Parameter Settings for User Entity Instance: Top-level Entity: |DE1_SoC ;
+----------------+-------+------------------------------------------------+
; Parameter Name ; Value ; Type                                           ;
+----------------+-------+------------------------------------------------+
; CHUNK_SIZE     ; 16    ; Signed Integer                                 ;
+----------------+-------+------------------------------------------------+
Note: In order to hide this table in the UI and the text report file, please set the "Show Parameter Settings in Synthesis Report" option in "Analysis and Synthesis Settings -> More Settings" to "Off".


+---------------------------------------------------------------+
; Parameter Settings for User Entity Instance: video_driver:vid ;
+----------------+-------+--------------------------------------+
; Parameter Name ; Value ; Type                                 ;
+----------------+-------+--------------------------------------+
; WIDTH          ; 40    ; Signed Integer                       ;
; HEIGHT         ; 30    ; Signed Integer                       ;
+----------------+-------+--------------------------------------+
Note: In order to hide this table in the UI and the text report file, please set the "Show Parameter Settings in Synthesis Report" option in "Analysis and Synthesis Settings -> More Settings" to "Off".


+---------------------------------------------------------------------------------------------------------------------------------------------+
; Parameter Settings for User Entity Instance: video_driver:vid|CLOCK25_PLL:c25_gen|CLOCK25_PLL_0002:clock25_pll_inst|altera_pll:altera_pll_i ;
+--------------------------------------+------------------------+-----------------------------------------------------------------------------+
; Parameter Name                       ; Value                  ; Type                                                                        ;
+--------------------------------------+------------------------+-----------------------------------------------------------------------------+
; reference_clock_frequency            ; 50.0 MHz               ; String                                                                      ;
; fractional_vco_multiplier            ; false                  ; String                                                                      ;
; pll_type                             ; General                ; String                                                                      ;
; pll_subtype                          ; General                ; String                                                                      ;
; number_of_clocks                     ; 1                      ; Signed Integer                                                              ;
; operation_mode                       ; direct                 ; String                                                                      ;
; deserialization_factor               ; 4                      ; Signed Integer                                                              ;
; data_rate                            ; 0                      ; Signed Integer                                                              ;
; sim_additional_refclk_cycles_to_lock ; 0                      ; Signed Integer                                                              ;
; output_clock_frequency0              ; 25.000000 MHz          ; String                                                                      ;
; phase_shift0                         ; 0 ps                   ; String                                                                      ;
; duty_cycle0                          ; 50                     ; Signed Integer                                                              ;
; output_clock_frequency1              ; 0 MHz                  ; String                                                                      ;
; phase_shift1                         ; 0 ps                   ; String                                                                      ;
; duty_cycle1                          ; 50                     ; Signed Integer                                                              ;
; output_clock_frequency2              ; 0 MHz                  ; String                                                                      ;
; phase_shift2                         ; 0 ps                   ; String                                                                      ;
; duty_cycle2                          ; 50                     ; Signed Integer                                                              ;
; output_clock_frequency3              ; 0 MHz                  ; String                                                                      ;
; phase_shift3                         ; 0 ps                   ; String                                                                      ;
; duty_cycle3                          ; 50                     ; Signed Integer                                                              ;
; output_clock_frequency4              ; 0 MHz                  ; String                                                                      ;
; phase_shift4                         ; 0 ps                   ; String                                                                      ;
; duty_cycle4                          ; 50                     ; Signed Integer                                                              ;
; output_clock_frequency5              ; 0 MHz                  ; String                                                                      ;
; phase_shift5                         ; 0 ps                   ; String                                                                      ;
; duty_cycle5                          ; 50                     ; Signed Integer                                                              ;
; output_clock_frequency6              ; 0 MHz                  ; String                                                                      ;
; phase_shift6                         ; 0 ps                   ; String                                                                      ;
; duty_cycle6                          ; 50                     ; Signed Integer                                                              ;
; output_clock_frequency7              ; 0 MHz                  ; String                                                                      ;
; phase_shift7                         ; 0 ps                   ; String                                                                      ;
; duty_cycle7                          ; 50                     ; Signed Integer                                                              ;
; output_clock_frequency8              ; 0 MHz                  ; String                                                                      ;
; phase_shift8                         ; 0 ps                   ; String                                                                      ;
; duty_cycle8                          ; 50                     ; Signed Integer                                                              ;
; output_clock_frequency9              ; 0 MHz                  ; String                                                                      ;
; phase_shift9                         ; 0 ps                   ; String                                                                      ;
; duty_cycle9                          ; 50                     ; Signed Integer                                                              ;
; output_clock_frequency10             ; 0 MHz                  ; String                                                                      ;
; phase_shift10                        ; 0 ps                   ; String                                                                      ;
; duty_cycle10                         ; 50                     ; Signed Integer                                                              ;
; output_clock_frequency11             ; 0 MHz                  ; String                                                                      ;
; phase_shift11                        ; 0 ps                   ; String                                                                      ;
; duty_cycle11                         ; 50                     ; Signed Integer                                                              ;
; output_clock_frequency12             ; 0 MHz                  ; String                                                                      ;
; phase_shift12                        ; 0 ps                   ; String                                                                      ;
; duty_cycle12                         ; 50                     ; Signed Integer                                                              ;
; output_clock_frequency13             ; 0 MHz                  ; String                                                                      ;
; phase_shift13                        ; 0 ps                   ; String                                                                      ;
; duty_cycle13                         ; 50                     ; Signed Integer                                                              ;
; output_clock_frequency14             ; 0 MHz                  ; String                                                                      ;
; phase_shift14                        ; 0 ps                   ; String                                                                      ;
; duty_cycle14                         ; 50                     ; Signed Integer                                                              ;
; output_clock_frequency15             ; 0 MHz                  ; String                                                                      ;
; phase_shift15                        ; 0 ps                   ; String                                                                      ;
; duty_cycle15                         ; 50                     ; Signed Integer                                                              ;
; output_clock_frequency16             ; 0 MHz                  ; String                                                                      ;
; phase_shift16                        ; 0 ps                   ; String                                                                      ;
; duty_cycle16                         ; 50                     ; Signed Integer                                                              ;
; output_clock_frequency17             ; 0 MHz                  ; String                                                                      ;
; phase_shift17                        ; 0 ps                   ; String                                                                      ;
; duty_cycle17                         ; 50                     ; Signed Integer                                                              ;
; clock_name_0                         ;                        ; String                                                                      ;
; clock_name_1                         ;                        ; String                                                                      ;
; clock_name_2                         ;                        ; String                                                                      ;
; clock_name_3                         ;                        ; String                                                                      ;
; clock_name_4                         ;                        ; String                                                                      ;
; clock_name_5                         ;                        ; String                                                                      ;
; clock_name_6                         ;                        ; String                                                                      ;
; clock_name_7                         ;                        ; String                                                                      ;
; clock_name_8                         ;                        ; String                                                                      ;
; clock_name_global_0                  ; false                  ; String                                                                      ;
; clock_name_global_1                  ; false                  ; String                                                                      ;
; clock_name_global_2                  ; false                  ; String                                                                      ;
; clock_name_global_3                  ; false                  ; String                                                                      ;
; clock_name_global_4                  ; false                  ; String                                                                      ;
; clock_name_global_5                  ; false                  ; String                                                                      ;
; clock_name_global_6                  ; false                  ; String                                                                      ;
; clock_name_global_7                  ; false                  ; String                                                                      ;
; clock_name_global_8                  ; false                  ; String                                                                      ;
; m_cnt_hi_div                         ; 1                      ; Signed Integer                                                              ;
; m_cnt_lo_div                         ; 1                      ; Signed Integer                                                              ;
; m_cnt_bypass_en                      ; false                  ; String                                                                      ;
; m_cnt_odd_div_duty_en                ; false                  ; String                                                                      ;
; n_cnt_hi_div                         ; 1                      ; Signed Integer                                                              ;
; n_cnt_lo_div                         ; 1                      ; Signed Integer                                                              ;
; n_cnt_bypass_en                      ; false                  ; String                                                                      ;
; n_cnt_odd_div_duty_en                ; false                  ; String                                                                      ;
; c_cnt_hi_div0                        ; 1                      ; Signed Integer                                                              ;
; c_cnt_lo_div0                        ; 1                      ; Signed Integer                                                              ;
; c_cnt_bypass_en0                     ; false                  ; String                                                                      ;
; c_cnt_in_src0                        ; ph_mux_clk             ; String                                                                      ;
; c_cnt_odd_div_duty_en0               ; false                  ; String                                                                      ;
; c_cnt_prst0                          ; 1                      ; Signed Integer                                                              ;
; c_cnt_ph_mux_prst0                   ; 0                      ; Signed Integer                                                              ;
; c_cnt_hi_div1                        ; 1                      ; Signed Integer                                                              ;
; c_cnt_lo_div1                        ; 1                      ; Signed Integer                                                              ;
; c_cnt_bypass_en1                     ; false                  ; String                                                                      ;
; c_cnt_in_src1                        ; ph_mux_clk             ; String                                                                      ;
; c_cnt_odd_div_duty_en1               ; false                  ; String                                                                      ;
; c_cnt_prst1                          ; 1                      ; Signed Integer                                                              ;
; c_cnt_ph_mux_prst1                   ; 0                      ; Signed Integer                                                              ;
; c_cnt_hi_div2                        ; 1                      ; Signed Integer                                                              ;
; c_cnt_lo_div2                        ; 1                      ; Signed Integer                                                              ;
; c_cnt_bypass_en2                     ; false                  ; String                                                                      ;
; c_cnt_in_src2                        ; ph_mux_clk             ; String                                                                      ;
; c_cnt_odd_div_duty_en2               ; false                  ; String                                                                      ;
; c_cnt_prst2                          ; 1                      ; Signed Integer                                                              ;
; c_cnt_ph_mux_prst2                   ; 0                      ; Signed Integer                                                              ;
; c_cnt_hi_div3                        ; 1                      ; Signed Integer                                                              ;
; c_cnt_lo_div3                        ; 1                      ; Signed Integer                                                              ;
; c_cnt_bypass_en3                     ; false                  ; String                                                                      ;
; c_cnt_in_src3                        ; ph_mux_clk             ; String                                                                      ;
; c_cnt_odd_div_duty_en3               ; false                  ; String                                                                      ;
; c_cnt_prst3                          ; 1                      ; Signed Integer                                                              ;
; c_cnt_ph_mux_prst3                   ; 0                      ; Signed Integer                                                              ;
; c_cnt_hi_div4                        ; 1                      ; Signed Integer                                                              ;
; c_cnt_lo_div4                        ; 1                      ; Signed Integer                                                              ;
; c_cnt_bypass_en4                     ; false                  ; String                                                                      ;
; c_cnt_in_src4                        ; ph_mux_clk             ; String                                                                      ;
; c_cnt_odd_div_duty_en4               ; false                  ; String                                                                      ;
; c_cnt_prst4                          ; 1                      ; Signed Integer                                                              ;
; c_cnt_ph_mux_prst4                   ; 0                      ; Signed Integer                                                              ;
; c_cnt_hi_div5                        ; 1                      ; Signed Integer                                                              ;
; c_cnt_lo_div5                        ; 1                      ; Signed Integer                                                              ;
; c_cnt_bypass_en5                     ; false                  ; String                                                                      ;
; c_cnt_in_src5                        ; ph_mux_clk             ; String                                                                      ;
; c_cnt_odd_div_duty_en5               ; false                  ; String                                                                      ;
; c_cnt_prst5                          ; 1                      ; Signed Integer                                                              ;
; c_cnt_ph_mux_prst5                   ; 0                      ; Signed Integer                                                              ;
; c_cnt_hi_div6                        ; 1                      ; Signed Integer                                                              ;
; c_cnt_lo_div6                        ; 1                      ; Signed Integer                                                              ;
; c_cnt_bypass_en6                     ; false                  ; String                                                                      ;
; c_cnt_in_src6                        ; ph_mux_clk             ; String                                                                      ;
; c_cnt_odd_div_duty_en6               ; false                  ; String                                                                      ;
; c_cnt_prst6                          ; 1                      ; Signed Integer                                                              ;
; c_cnt_ph_mux_prst6                   ; 0                      ; Signed Integer                                                              ;
; c_cnt_hi_div7                        ; 1                      ; Signed Integer                                                              ;
; c_cnt_lo_div7                        ; 1                      ; Signed Integer                                                              ;
; c_cnt_bypass_en7                     ; false                  ; String                                                                      ;
; c_cnt_in_src7                        ; ph_mux_clk             ; String                                                                      ;
; c_cnt_odd_div_duty_en7               ; false                  ; String                                                                      ;
; c_cnt_prst7                          ; 1                      ; Signed Integer                                                              ;
; c_cnt_ph_mux_prst7                   ; 0                      ; Signed Integer                                                              ;
; c_cnt_hi_div8                        ; 1                      ; Signed Integer                                                              ;
; c_cnt_lo_div8                        ; 1                      ; Signed Integer                                                              ;
; c_cnt_bypass_en8                     ; false                  ; String                                                                      ;
; c_cnt_in_src8                        ; ph_mux_clk             ; String                                                                      ;
; c_cnt_odd_div_duty_en8               ; false                  ; String                                                                      ;
; c_cnt_prst8                          ; 1                      ; Signed Integer                                                              ;
; c_cnt_ph_mux_prst8                   ; 0                      ; Signed Integer                                                              ;
; c_cnt_hi_div9                        ; 1                      ; Signed Integer                                                              ;
; c_cnt_lo_div9                        ; 1                      ; Signed Integer                                                              ;
; c_cnt_bypass_en9                     ; false                  ; String                                                                      ;
; c_cnt_in_src9                        ; ph_mux_clk             ; String                                                                      ;
; c_cnt_odd_div_duty_en9               ; false                  ; String                                                                      ;
; c_cnt_prst9                          ; 1                      ; Signed Integer                                                              ;
; c_cnt_ph_mux_prst9                   ; 0                      ; Signed Integer                                                              ;
; c_cnt_hi_div10                       ; 1                      ; Signed Integer                                                              ;
; c_cnt_lo_div10                       ; 1                      ; Signed Integer                                                              ;
; c_cnt_bypass_en10                    ; false                  ; String                                                                      ;
; c_cnt_in_src10                       ; ph_mux_clk             ; String                                                                      ;
; c_cnt_odd_div_duty_en10              ; false                  ; String                                                                      ;
; c_cnt_prst10                         ; 1                      ; Signed Integer                                                              ;
; c_cnt_ph_mux_prst10                  ; 0                      ; Signed Integer                                                              ;
; c_cnt_hi_div11                       ; 1                      ; Signed Integer                                                              ;
; c_cnt_lo_div11                       ; 1                      ; Signed Integer                                                              ;
; c_cnt_bypass_en11                    ; false                  ; String                                                                      ;
; c_cnt_in_src11                       ; ph_mux_clk             ; String                                                                      ;
; c_cnt_odd_div_duty_en11              ; false                  ; String                                                                      ;
; c_cnt_prst11                         ; 1                      ; Signed Integer                                                              ;
; c_cnt_ph_mux_prst11                  ; 0                      ; Signed Integer                                                              ;
; c_cnt_hi_div12                       ; 1                      ; Signed Integer                                                              ;
; c_cnt_lo_div12                       ; 1                      ; Signed Integer                                                              ;
; c_cnt_bypass_en12                    ; false                  ; String                                                                      ;
; c_cnt_in_src12                       ; ph_mux_clk             ; String                                                                      ;
; c_cnt_odd_div_duty_en12              ; false                  ; String                                                                      ;
; c_cnt_prst12                         ; 1                      ; Signed Integer                                                              ;
; c_cnt_ph_mux_prst12                  ; 0                      ; Signed Integer                                                              ;
; c_cnt_hi_div13                       ; 1                      ; Signed Integer                                                              ;
; c_cnt_lo_div13                       ; 1                      ; Signed Integer                                                              ;
; c_cnt_bypass_en13                    ; false                  ; String                                                                      ;
; c_cnt_in_src13                       ; ph_mux_clk             ; String                                                                      ;
; c_cnt_odd_div_duty_en13              ; false                  ; String                                                                      ;
; c_cnt_prst13                         ; 1                      ; Signed Integer                                                              ;
; c_cnt_ph_mux_prst13                  ; 0                      ; Signed Integer                                                              ;
; c_cnt_hi_div14                       ; 1                      ; Signed Integer                                                              ;
; c_cnt_lo_div14                       ; 1                      ; Signed Integer                                                              ;
; c_cnt_bypass_en14                    ; false                  ; String                                                                      ;
; c_cnt_in_src14                       ; ph_mux_clk             ; String                                                                      ;
; c_cnt_odd_div_duty_en14              ; false                  ; String                                                                      ;
; c_cnt_prst14                         ; 1                      ; Signed Integer                                                              ;
; c_cnt_ph_mux_prst14                  ; 0                      ; Signed Integer                                                              ;
; c_cnt_hi_div15                       ; 1                      ; Signed Integer                                                              ;
; c_cnt_lo_div15                       ; 1                      ; Signed Integer                                                              ;
; c_cnt_bypass_en15                    ; false                  ; String                                                                      ;
; c_cnt_in_src15                       ; ph_mux_clk             ; String                                                                      ;
; c_cnt_odd_div_duty_en15              ; false                  ; String                                                                      ;
; c_cnt_prst15                         ; 1                      ; Signed Integer                                                              ;
; c_cnt_ph_mux_prst15                  ; 0                      ; Signed Integer                                                              ;
; c_cnt_hi_div16                       ; 1                      ; Signed Integer                                                              ;
; c_cnt_lo_div16                       ; 1                      ; Signed Integer                                                              ;
; c_cnt_bypass_en16                    ; false                  ; String                                                                      ;
; c_cnt_in_src16                       ; ph_mux_clk             ; String                                                                      ;
; c_cnt_odd_div_duty_en16              ; false                  ; String                                                                      ;
; c_cnt_prst16                         ; 1                      ; Signed Integer                                                              ;
; c_cnt_ph_mux_prst16                  ; 0                      ; Signed Integer                                                              ;
; c_cnt_hi_div17                       ; 1                      ; Signed Integer                                                              ;
; c_cnt_lo_div17                       ; 1                      ; Signed Integer                                                              ;
; c_cnt_bypass_en17                    ; false                  ; String                                                                      ;
; c_cnt_in_src17                       ; ph_mux_clk             ; String                                                                      ;
; c_cnt_odd_div_duty_en17              ; false                  ; String                                                                      ;
; c_cnt_prst17                         ; 1                      ; Signed Integer                                                              ;
; c_cnt_ph_mux_prst17                  ; 0                      ; Signed Integer                                                              ;
; pll_vco_div                          ; 1                      ; Signed Integer                                                              ;
; pll_slf_rst                          ; false                  ; String                                                                      ;
; pll_bw_sel                           ; low                    ; String                                                                      ;
; pll_output_clk_frequency             ; 0 MHz                  ; String                                                                      ;
; pll_cp_current                       ; 0                      ; Signed Integer                                                              ;
; pll_bwctrl                           ; 0                      ; Signed Integer                                                              ;
; pll_fractional_division              ; 1                      ; Signed Integer                                                              ;
; pll_fractional_cout                  ; 24                     ; Signed Integer                                                              ;
; pll_dsm_out_sel                      ; 1st_order              ; String                                                                      ;
; mimic_fbclk_type                     ; gclk                   ; String                                                                      ;
; pll_fbclk_mux_1                      ; glb                    ; String                                                                      ;
; pll_fbclk_mux_2                      ; fb_1                   ; String                                                                      ;
; pll_m_cnt_in_src                     ; ph_mux_clk             ; String                                                                      ;
; pll_vcoph_div                        ; 1                      ; Signed Integer                                                              ;
; refclk1_frequency                    ; 0 MHz                  ; String                                                                      ;
; pll_clkin_0_src                      ; clk_0                  ; String                                                                      ;
; pll_clkin_1_src                      ; clk_0                  ; String                                                                      ;
; pll_clk_loss_sw_en                   ; false                  ; String                                                                      ;
; pll_auto_clk_sw_en                   ; false                  ; String                                                                      ;
; pll_manu_clk_sw_en                   ; false                  ; String                                                                      ;
; pll_clk_sw_dly                       ; 0                      ; Signed Integer                                                              ;
; pll_extclk_0_cnt_src                 ; pll_extclk_cnt_src_vss ; String                                                                      ;
; pll_extclk_1_cnt_src                 ; pll_extclk_cnt_src_vss ; String                                                                      ;
+--------------------------------------+------------------------+-----------------------------------------------------------------------------+
Note: In order to hide this table in the UI and the text report file, please set the "Show Parameter Settings in Synthesis Report" option in "Analysis and Synthesis Settings -> More Settings" to "Off".


+-------------------------------------------------------------------------------------------------------+
; Parameter Settings for User Entity Instance: video_driver:vid|altera_up_avalon_video_vga_timing:video ;
+-------------------------+------------+----------------------------------------------------------------+
; Parameter Name          ; Value      ; Type                                                           ;
+-------------------------+------------+----------------------------------------------------------------+
; CW                      ; 9          ; Signed Integer                                                 ;
; H_ACTIVE                ; 640        ; Signed Integer                                                 ;
; H_FRONT_PORCH           ; 16         ; Signed Integer                                                 ;
; H_SYNC                  ; 96         ; Signed Integer                                                 ;
; H_BACK_PORCH            ; 48         ; Signed Integer                                                 ;
; H_TOTAL                 ; 800        ; Signed Integer                                                 ;
; V_ACTIVE                ; 480        ; Signed Integer                                                 ;
; V_FRONT_PORCH           ; 10         ; Signed Integer                                                 ;
; V_SYNC                  ; 2          ; Signed Integer                                                 ;
; V_BACK_PORCH            ; 33         ; Signed Integer                                                 ;
; V_TOTAL                 ; 525        ; Signed Integer                                                 ;
; PW                      ; 10         ; Signed Integer                                                 ;
; PIXEL_COUNTER_INCREMENT ; 0000000001 ; Unsigned Binary                                                ;
; LW                      ; 10         ; Signed Integer                                                 ;
; LINE_COUNTER_INCREMENT  ; 0000000001 ; Unsigned Binary                                                ;
+-------------------------+------------+----------------------------------------------------------------+
Note: In order to hide this table in the UI and the text report file, please set the "Show Parameter Settings in Synthesis Report" option in "Analysis and Synthesis Settings -> More Settings" to "Off".


+--------------------------------------------------------------------------------------------------------------------------------------+
; Port Connectivity Checks: "video_driver:vid|altera_up_avalon_video_vga_timing:video"                                                 ;
+----------------------------+--------+----------+-------------------------------------------------------------------------------------+
; Port                       ; Type   ; Severity ; Details                                                                             ;
+----------------------------+--------+----------+-------------------------------------------------------------------------------------+
; red_to_vga_display[9..8]   ; Input  ; Info     ; Stuck at GND                                                                        ;
; green_to_vga_display[9..8] ; Input  ; Info     ; Stuck at GND                                                                        ;
; blue_to_vga_display[9..8]  ; Input  ; Info     ; Stuck at GND                                                                        ;
; color_select               ; Input  ; Info     ; Stuck at VCC                                                                        ;
; end_of_frame               ; Output ; Info     ; Connected to dangling logic. Logic that only feeds a dangling port will be removed. ;
; vga_c_sync                 ; Output ; Info     ; Connected to dangling logic. Logic that only feeds a dangling port will be removed. ;
; vga_data_enable            ; Output ; Info     ; Connected to dangling logic. Logic that only feeds a dangling port will be removed. ;
; vga_red[9..8]              ; Output ; Info     ; Connected to dangling logic. Logic that only feeds a dangling port will be removed. ;
; vga_green[9..8]            ; Output ; Info     ; Connected to dangling logic. Logic that only feeds a dangling port will be removed. ;
; vga_blue[9..8]             ; Output ; Info     ; Connected to dangling logic. Logic that only feeds a dangling port will be removed. ;
; vga_color_data             ; Output ; Info     ; Explicitly unconnected                                                              ;
+----------------------------+--------+----------+-------------------------------------------------------------------------------------+


+------------------------------------------------------------------------------------------------------------------+
; Port Connectivity Checks: "video_driver:vid|CLOCK25_PLL:c25_gen"                                                 ;
+--------+--------+----------+-------------------------------------------------------------------------------------+
; Port   ; Type   ; Severity ; Details                                                                             ;
+--------+--------+----------+-------------------------------------------------------------------------------------+
; locked ; Output ; Info     ; Connected to dangling logic. Logic that only feeds a dangling port will be removed. ;
+--------+--------+----------+-------------------------------------------------------------------------------------+


+--------------------------------------------------------------------------------------------------------------------------+
; Port Connectivity Checks: "clock_divider:div"                                                                            ;
+----------------+--------+----------+-------------------------------------------------------------------------------------+
; Port           ; Type   ; Severity ; Details                                                                             ;
+----------------+--------+----------+-------------------------------------------------------------------------------------+
; divided_clocks ; Output ; Info     ; Connected to dangling logic. Logic that only feeds a dangling port will be removed. ;
+----------------+--------+----------+-------------------------------------------------------------------------------------+


+-----------------------------------------------------+
; Post-Synthesis Netlist Statistics for Top Partition ;
+-----------------------+-----------------------------+
; Type                  ; Count                       ;
+-----------------------+-----------------------------+
; arriav_ff             ; 103                         ;
;     ENA               ; 2                           ;
;     ENA SCLR          ; 46                          ;
;     SCLR              ; 33                          ;
;     SLD               ; 3                           ;
;     plain             ; 19                          ;
; arriav_lcell_comb     ; 147                         ;
;     arith             ; 76                          ;
;         1 data inputs ; 76                          ;
;     extend            ; 2                           ;
;         7 data inputs ; 2                           ;
;     normal            ; 61                          ;
;         0 data inputs ; 2                           ;
;         1 data inputs ; 1                           ;
;         2 data inputs ; 17                          ;
;         3 data inputs ; 6                           ;
;         4 data inputs ; 11                          ;
;         5 data inputs ; 9                           ;
;         6 data inputs ; 15                          ;
;     shared            ; 8                           ;
;         2 data inputs ; 3                           ;
;         3 data inputs ; 5                           ;
; boundary_port         ; 96                          ;
; generic_pll           ; 1                           ;
;                       ;                             ;
; Max LUT depth         ; 5.50                        ;
; Average LUT depth     ; 2.19                        ;
+-----------------------+-----------------------------+


+-------------------------------+
; Elapsed Time Per Partition    ;
+----------------+--------------+
; Partition Name ; Elapsed Time ;
+----------------+--------------+
; Top            ; 00:00:01     ;
+----------------+--------------+


+-------------------------------+
; Analysis & Synthesis Messages ;
+-------------------------------+
Info: *******************************************************************
Info: Running Quartus Prime Analysis & Synthesis
    Info: Version 17.0.0 Build 595 04/25/2017 SJ Lite Edition
    Info: Processing started: Mon Dec 04 18:04:16 2023
Info: Command: quartus_map --read_settings_files=on --write_settings_files=off DE1_SoC -c DE1_SoC
Info (20030): Parallel compilation is enabled and will use 12 of the 12 processors detected
Info (12021): Found 1 design units, including 1 entities, in source file pulse_flip_flop.sv
    Info (12023): Found entity 1: pulse_flip_flop File: D:/Documents/ee_371_lab6/pulse_flip_flop.sv Line: 1
Info (12021): Found 0 design units, including 0 entities, in source file game_of_life.sv
Info (12021): Found 1 design units, including 1 entities, in source file pixel_memory.sv
    Info (12023): Found entity 1: pixel_memory File: D:/Documents/ee_371_lab6/pixel_memory.sv Line: 1
Info (12021): Found 0 design units, including 0 entities, in source file pixel_ctrl.sv
Info (12021): Found 1 design units, including 1 entities, in source file ones_counter_datapath.sv
    Info (12023): Found entity 1: ones_counter_datapath File: D:/Documents/ee_371_lab6/ones_counter_datapath.sv Line: 1
Info (12021): Found 1 design units, including 1 entities, in source file ones_counter_controller.sv
    Info (12023): Found entity 1: ones_counter_controller File: D:/Documents/ee_371_lab6/ones_counter_controller.sv Line: 1
Info (12021): Found 2 design units, including 2 entities, in source file ones_counter.sv
    Info (12023): Found entity 1: ones_counter File: D:/Documents/ee_371_lab6/ones_counter.sv Line: 1
    Info (12023): Found entity 2: ones_counter_tb File: D:/Documents/ee_371_lab6/ones_counter.sv Line: 22
Info (12021): Found 1 design units, including 1 entities, in source file video_driver.sv
    Info (12023): Found entity 1: video_driver File: D:/Documents/ee_371_lab6/video_driver.sv Line: 1
Info (12021): Found 1 design units, including 1 entities, in source file altera_up_avalon_video_vga_timing.v
    Info (12023): Found entity 1: altera_up_avalon_video_vga_timing File: D:/Documents/ee_371_lab6/altera_up_avalon_video_vga_timing.v Line: 47
Info (12021): Found 2 design units, including 2 entities, in source file de1_soc.sv
    Info (12023): Found entity 1: DE1_SoC File: D:/Documents/ee_371_lab6/DE1_SoC.sv Line: 1
    Info (12023): Found entity 2: DE1_SoC_testbench File: D:/Documents/ee_371_lab6/DE1_SoC.sv Line: 49
Info (12021): Found 1 design units, including 1 entities, in source file clock25_pll.v
    Info (12023): Found entity 1: CLOCK25_PLL File: D:/Documents/ee_371_lab6/CLOCK25_PLL.v Line: 8
Info (12021): Found 1 design units, including 1 entities, in source file clock25_pll/clock25_pll_0002.v
    Info (12023): Found entity 1: CLOCK25_PLL_0002 File: D:/Documents/ee_371_lab6/CLOCK25_PLL/CLOCK25_PLL_0002.v Line: 2
Info (12021): Found 1 design units, including 1 entities, in source file clock_divider.sv
    Info (12023): Found entity 1: clock_divider File: D:/Documents/ee_371_lab6/clock_divider.sv Line: 3
Info (12127): Elaborating entity "DE1_SoC" for the top level hierarchy
Info (12128): Elaborating entity "clock_divider" for hierarchy "clock_divider:div" File: D:/Documents/ee_371_lab6/DE1_SoC.sv Line: 28
Info (12128): Elaborating entity "video_driver" for hierarchy "video_driver:vid" File: D:/Documents/ee_371_lab6/DE1_SoC.sv Line: 33
Info (12128): Elaborating entity "CLOCK25_PLL" for hierarchy "video_driver:vid|CLOCK25_PLL:c25_gen" File: D:/Documents/ee_371_lab6/video_driver.sv Line: 41
Info (12128): Elaborating entity "CLOCK25_PLL_0002" for hierarchy "video_driver:vid|CLOCK25_PLL:c25_gen|CLOCK25_PLL_0002:clock25_pll_inst" File: D:/Documents/ee_371_lab6/CLOCK25_PLL.v Line: 20
Info (12128): Elaborating entity "altera_pll" for hierarchy "video_driver:vid|CLOCK25_PLL:c25_gen|CLOCK25_PLL_0002:clock25_pll_inst|altera_pll:altera_pll_i" File: D:/Documents/ee_371_lab6/CLOCK25_PLL/CLOCK25_PLL_0002.v Line: 85
Info (10008): Verilog HDL or VHDL information: EDA Netlist Writer cannot regroup multidimensional array "wire_to_nowhere_64" into its bus
Info (12130): Elaborated megafunction instantiation "video_driver:vid|CLOCK25_PLL:c25_gen|CLOCK25_PLL_0002:clock25_pll_inst|altera_pll:altera_pll_i" File: D:/Documents/ee_371_lab6/CLOCK25_PLL/CLOCK25_PLL_0002.v Line: 85
Info (12133): Instantiated megafunction "video_driver:vid|CLOCK25_PLL:c25_gen|CLOCK25_PLL_0002:clock25_pll_inst|altera_pll:altera_pll_i" with the following parameter: File: D:/Documents/ee_371_lab6/CLOCK25_PLL/CLOCK25_PLL_0002.v Line: 85
    Info (12134): Parameter "fractional_vco_multiplier" = "false"
    Info (12134): Parameter "reference_clock_frequency" = "50.0 MHz"
    Info (12134): Parameter "operation_mode" = "direct"
    Info (12134): Parameter "number_of_clocks" = "1"
    Info (12134): Parameter "output_clock_frequency0" = "25.000000 MHz"
    Info (12134): Parameter "phase_shift0" = "0 ps"
    Info (12134): Parameter "duty_cycle0" = "50"
    Info (12134): Parameter "output_clock_frequency1" = "0 MHz"
    Info (12134): Parameter "phase_shift1" = "0 ps"
    Info (12134): Parameter "duty_cycle1" = "50"
    Info (12134): Parameter "output_clock_frequency2" = "0 MHz"
    Info (12134): Parameter "phase_shift2" = "0 ps"
    Info (12134): Parameter "duty_cycle2" = "50"
    Info (12134): Parameter "output_clock_frequency3" = "0 MHz"
    Info (12134): Parameter "phase_shift3" = "0 ps"
    Info (12134): Parameter "duty_cycle3" = "50"
    Info (12134): Parameter "output_clock_frequency4" = "0 MHz"
    Info (12134): Parameter "phase_shift4" = "0 ps"
    Info (12134): Parameter "duty_cycle4" = "50"
    Info (12134): Parameter "output_clock_frequency5" = "0 MHz"
    Info (12134): Parameter "phase_shift5" = "0 ps"
    Info (12134): Parameter "duty_cycle5" = "50"
    Info (12134): Parameter "output_clock_frequency6" = "0 MHz"
    Info (12134): Parameter "phase_shift6" = "0 ps"
    Info (12134): Parameter "duty_cycle6" = "50"
    Info (12134): Parameter "output_clock_frequency7" = "0 MHz"
    Info (12134): Parameter "phase_shift7" = "0 ps"
    Info (12134): Parameter "duty_cycle7" = "50"
    Info (12134): Parameter "output_clock_frequency8" = "0 MHz"
    Info (12134): Parameter "phase_shift8" = "0 ps"
    Info (12134): Parameter "duty_cycle8" = "50"
    Info (12134): Parameter "output_clock_frequency9" = "0 MHz"
    Info (12134): Parameter "phase_shift9" = "0 ps"
    Info (12134): Parameter "duty_cycle9" = "50"
    Info (12134): Parameter "output_clock_frequency10" = "0 MHz"
    Info (12134): Parameter "phase_shift10" = "0 ps"
    Info (12134): Parameter "duty_cycle10" = "50"
    Info (12134): Parameter "output_clock_frequency11" = "0 MHz"
    Info (12134): Parameter "phase_shift11" = "0 ps"
    Info (12134): Parameter "duty_cycle11" = "50"
    Info (12134): Parameter "output_clock_frequency12" = "0 MHz"
    Info (12134): Parameter "phase_shift12" = "0 ps"
    Info (12134): Parameter "duty_cycle12" = "50"
    Info (12134): Parameter "output_clock_frequency13" = "0 MHz"
    Info (12134): Parameter "phase_shift13" = "0 ps"
    Info (12134): Parameter "duty_cycle13" = "50"
    Info (12134): Parameter "output_clock_frequency14" = "0 MHz"
    Info (12134): Parameter "phase_shift14" = "0 ps"
    Info (12134): Parameter "duty_cycle14" = "50"
    Info (12134): Parameter "output_clock_frequency15" = "0 MHz"
    Info (12134): Parameter "phase_shift15" = "0 ps"
    Info (12134): Parameter "duty_cycle15" = "50"
    Info (12134): Parameter "output_clock_frequency16" = "0 MHz"
    Info (12134): Parameter "phase_shift16" = "0 ps"
    Info (12134): Parameter "duty_cycle16" = "50"
    Info (12134): Parameter "output_clock_frequency17" = "0 MHz"
    Info (12134): Parameter "phase_shift17" = "0 ps"
    Info (12134): Parameter "duty_cycle17" = "50"
    Info (12134): Parameter "pll_type" = "General"
    Info (12134): Parameter "pll_subtype" = "General"
Info (12128): Elaborating entity "altera_up_avalon_video_vga_timing" for hierarchy "video_driver:vid|altera_up_avalon_video_vga_timing:video" File: D:/Documents/ee_371_lab6/video_driver.sv Line: 144
Info (12128): Elaborating entity "pixel_memory" for hierarchy "pixel_memory:pm" File: D:/Documents/ee_371_lab6/DE1_SoC.sv Line: 35
Info (286030): Timing-Driven Synthesis is running
Info (17049): 1 registers lost all their fanouts during netlist optimizations.
Info (144001): Generated suppressed messages file D:/Documents/ee_371_lab6/output_files/DE1_SoC.map.smsg
Info (16010): Generating hard_block partition "hard_block:auto_generated_inst"
    Info (16011): Adding 7 node(s), including 0 DDIO, 1 PLL, 0 transceiver and 0 LCELL
Info (21057): Implemented 255 device resources after synthesis - the final resource count might be different
    Info (21058): Implemented 15 input pins
    Info (21059): Implemented 81 output pins
    Info (21061): Implemented 158 logic cells
    Info (21065): Implemented 1 PLLs
Info: Quartus Prime Analysis & Synthesis was successful. 0 errors, 0 warnings
    Info: Peak virtual memory: 4887 megabytes
    Info: Processing ended: Mon Dec 04 18:04:28 2023
    Info: Elapsed time: 00:00:12
    Info: Total CPU time (on all processors): 00:00:17


+------------------------------------------+
; Analysis & Synthesis Suppressed Messages ;
+------------------------------------------+
The suppressed messages can be found in D:/Documents/ee_371_lab6/output_files/DE1_SoC.map.smsg.


